{
  "stats": {
    "suites": 1,
    "tests": 8,
    "passes": 1,
    "pending": 7,
    "failures": 0,
    "start": "2022-06-03T19:12:49.482Z",
    "end": "2022-06-03T19:12:57.676Z",
    "duration": 8194,
    "testsRegistered": 8,
    "passPercent": 100,
    "pendingPercent": 87.5,
    "other": 0,
    "hasOther": false,
    "skipped": 0,
    "hasSkipped": false
  },
  "results": [
    {
      "uuid": "40b8bd0a-9f73-43e7-b052-fbdefe6508d2",
      "title": "",
      "fullFile": "C:\\Users\\I526744\\Documents\\BITS\\Assignments\\Mocha\\STM\\testScript.js",
      "file": "\\testScript.js",
      "beforeHooks": [],
      "afterHooks": [],
      "tests": [],
      "suites": [
        {
          "uuid": "2b6a3c34-6d69-4322-b912-2e6e640ea9d8",
          "title": "STM Assignment",
          "fullFile": "C:\\Users\\I526744\\Documents\\BITS\\Assignments\\Mocha\\STM\\testScript.js",
          "file": "\\testScript.js",
          "beforeHooks": [],
          "afterHooks": [],
          "tests": [
            {
              "title": "Mobile Number: Nominal & Password: Nominal -> Test Case: Valid ",
              "fullTitle": "STM Assignment Mobile Number: Nominal & Password: Nominal -> Test Case: Valid ",
              "timedOut": false,
              "duration": 0,
              "state": "pending",
              "speed": null,
              "pass": false,
              "fail": false,
              "pending": true,
              "context": null,
              "code": "",
              "err": {},
              "uuid": "99a74075-5c79-4254-aff0-23135a76191d",
              "parentUUID": "2b6a3c34-6d69-4322-b912-2e6e640ea9d8",
              "isHook": false,
              "skipped": false
            },
            {
              "title": "Sign: Inavlid, Mobile Number: Nominal & Password: Nominal -> Test Case: Invalid ",
              "fullTitle": "STM Assignment Sign: Inavlid, Mobile Number: Nominal & Password: Nominal -> Test Case: Invalid ",
              "timedOut": false,
              "duration": 0,
              "state": "pending",
              "speed": null,
              "pass": false,
              "fail": false,
              "pending": true,
              "context": null,
              "code": "",
              "err": {},
              "uuid": "0c90da57-2d0c-4d7d-a2b3-f97f118ecd08",
              "parentUUID": "2b6a3c34-6d69-4322-b912-2e6e640ea9d8",
              "isHook": false,
              "skipped": false
            },
            {
              "title": "Mobile Number: Nominal & Password: Min- -> Test Case: Invalid ",
              "fullTitle": "STM Assignment Mobile Number: Nominal & Password: Min- -> Test Case: Invalid ",
              "timedOut": false,
              "duration": 0,
              "state": "pending",
              "speed": null,
              "pass": false,
              "fail": false,
              "pending": true,
              "context": null,
              "code": "",
              "err": {},
              "uuid": "7f86caf0-1192-4c67-ad74-013e275eacaf",
              "parentUUID": "2b6a3c34-6d69-4322-b912-2e6e640ea9d8",
              "isHook": false,
              "skipped": false
            },
            {
              "title": "Mobile Number: Nominal & Password: Min -> Test Case: Valid ",
              "fullTitle": "STM Assignment Mobile Number: Nominal & Password: Min -> Test Case: Valid ",
              "timedOut": false,
              "duration": 0,
              "state": "pending",
              "speed": null,
              "pass": false,
              "fail": false,
              "pending": true,
              "context": null,
              "code": "",
              "err": {},
              "uuid": "5b68f2a8-faa6-4174-86c7-d0608462ef37",
              "parentUUID": "2b6a3c34-6d69-4322-b912-2e6e640ea9d8",
              "isHook": false,
              "skipped": false
            },
            {
              "title": "Mobile Number: Min- & Password: Nominal -> Test Case: Invalid ",
              "fullTitle": "STM Assignment Mobile Number: Min- & Password: Nominal -> Test Case: Invalid ",
              "timedOut": false,
              "duration": 8183,
              "state": "passed",
              "speed": "slow",
              "pass": true,
              "fail": false,
              "pending": false,
              "context": null,
              "code": "let driver = await new Builder().forBrowser(\"chrome\").build();\nawait driver.get(\"https://www.instagram.com/accounts/emailsignup/?hl=en\");\nawait driver.getTitle();\ndriver.manage().setTimeouts({implicit: 10000});\nlet emailOrPhone = await driver.findElement(By.name(\"emailOrPhone\"));\nawait emailOrPhone.sendKeys(\"+91876284032\");\nlet username = await driver.findElement(By.name(\"username\"));\nawait username.sendKeys(\"qwertymnbv2204\");\nawait delay(1000);\nlet password = await driver.findElement(By.name(\"password\"));\nawait password.sendKeys(\"test@123\");\nlet fullName = await driver.findElement(By.name(\"fullName\"));\nawait fullName.sendKeys(\"Linus Torvalds\");\nawait delay(1000);\ntickMarks = await driver.findElements(By.xpath(\"//span[contains(@class, 'coreSpriteInputAccepted')]\"));\nlet tickMarksArr = Object.entries(tickMarks);\nexpect(tickMarksArr.length).to.equal(2);\ncrossMarks = await driver.findElements(By.xpath(\"//span[contains(@class, 'coreSpriteInputError')]\"));\nlet crossMarksArr = Object.entries(crossMarks);\nexpect(crossMarksArr.length).to.equal(1);\nawait delay(1000);\nlet signUp = await driver.findElement(By.xpath(\"//button[@type='submit']\")).isEnabled()\nexpect(signUp).to.equal(true);\nawait driver.quit();",
              "err": {},
              "uuid": "7f83427c-f8fc-47b5-a68a-49c1e965780c",
              "parentUUID": "2b6a3c34-6d69-4322-b912-2e6e640ea9d8",
              "isHook": false,
              "skipped": false
            },
            {
              "title": "Mobile Number: Max+ & Password: Min -> Test Case: Invalid ",
              "fullTitle": "STM Assignment Mobile Number: Max+ & Password: Min -> Test Case: Invalid ",
              "timedOut": false,
              "duration": 0,
              "state": "pending",
              "speed": null,
              "pass": false,
              "fail": false,
              "pending": true,
              "context": null,
              "code": "",
              "err": {},
              "uuid": "c298cae8-6fb0-4fc7-b01b-980519e553cd",
              "parentUUID": "2b6a3c34-6d69-4322-b912-2e6e640ea9d8",
              "isHook": false,
              "skipped": false
            },
            {
              "title": "Mobile Number: Nominal & Password: Min- -> Test Case: Invalid ",
              "fullTitle": "STM Assignment Mobile Number: Nominal & Password: Min- -> Test Case: Invalid ",
              "timedOut": false,
              "duration": 0,
              "state": "pending",
              "speed": null,
              "pass": false,
              "fail": false,
              "pending": true,
              "context": null,
              "code": "",
              "err": {},
              "uuid": "97c67953-50e8-4cef-8e51-71063304a9e3",
              "parentUUID": "2b6a3c34-6d69-4322-b912-2e6e640ea9d8",
              "isHook": false,
              "skipped": false
            },
            {
              "title": "Mobile Number: Min- & Password: Nominal -> Test Case: Invalid ",
              "fullTitle": "STM Assignment Mobile Number: Min- & Password: Nominal -> Test Case: Invalid ",
              "timedOut": false,
              "duration": 0,
              "state": "pending",
              "speed": null,
              "pass": false,
              "fail": false,
              "pending": true,
              "context": null,
              "code": "",
              "err": {},
              "uuid": "5efa41b8-96f7-4c30-aeb2-10837f6aac18",
              "parentUUID": "2b6a3c34-6d69-4322-b912-2e6e640ea9d8",
              "isHook": false,
              "skipped": false
            }
          ],
          "suites": [],
          "passes": [
            "7f83427c-f8fc-47b5-a68a-49c1e965780c"
          ],
          "failures": [],
          "pending": [
            "99a74075-5c79-4254-aff0-23135a76191d",
            "0c90da57-2d0c-4d7d-a2b3-f97f118ecd08",
            "7f86caf0-1192-4c67-ad74-013e275eacaf",
            "5b68f2a8-faa6-4174-86c7-d0608462ef37",
            "c298cae8-6fb0-4fc7-b01b-980519e553cd",
            "97c67953-50e8-4cef-8e51-71063304a9e3",
            "5efa41b8-96f7-4c30-aeb2-10837f6aac18"
          ],
          "skipped": [],
          "duration": 8183,
          "root": false,
          "rootEmpty": false,
          "_timeout": 10000
        }
      ],
      "passes": [],
      "failures": [],
      "pending": [],
      "skipped": [],
      "duration": 0,
      "root": true,
      "rootEmpty": true,
      "_timeout": 10000
    }
  ],
  "meta": {
    "mocha": {
      "version": "10.0.0"
    },
    "mochawesome": {
      "options": {
        "quiet": false,
        "reportFilename": "mochawesome",
        "saveHtml": true,
        "saveJson": true,
        "consoleReporter": "spec",
        "useInlineDiffs": false,
        "code": true
      },
      "version": "7.1.3"
    },
    "marge": {
      "options": null,
      "version": "6.2.0"
    }
  }
}