{
  "stats": {
    "suites": 1,
    "tests": 8,
    "passes": 8,
    "pending": 0,
    "failures": 0,
    "start": "2022-06-04T05:48:55.907Z",
    "end": "2022-06-04T05:49:45.533Z",
    "duration": 49626,
    "testsRegistered": 8,
    "passPercent": 100,
    "pendingPercent": 0,
    "other": 0,
    "hasOther": false,
    "skipped": 0,
    "hasSkipped": false
  },
  "results": [
    {
      "uuid": "6ef2d74f-7179-4624-987c-c7ed566cf1bf",
      "title": "",
      "fullFile": "C:\\Users\\I526744\\Documents\\BITS\\Assignments\\Mocha\\STM\\testScript.js",
      "file": "\\testScript.js",
      "beforeHooks": [],
      "afterHooks": [],
      "tests": [],
      "suites": [
        {
          "uuid": "355dce62-d5a7-4ad4-b6f0-ca440c9512d1",
          "title": "STM Assignment",
          "fullFile": "C:\\Users\\I526744\\Documents\\BITS\\Assignments\\Mocha\\STM\\testScript.js",
          "file": "\\testScript.js",
          "beforeHooks": [],
          "afterHooks": [],
          "tests": [
            {
              "title": "Mobile Number: Nominal & Password: Nominal -> Test Case: Valid ",
              "fullTitle": "STM Assignment Mobile Number: Nominal & Password: Nominal -> Test Case: Valid ",
              "timedOut": false,
              "duration": 6063,
              "state": "passed",
              "speed": "slow",
              "pass": true,
              "fail": false,
              "pending": false,
              "context": null,
              "code": "var options = new chrome.Options();\noptions.addArguments(\"--incognito\");\nlet driver = await new Builder().forBrowser(\"chrome\").setChromeOptions(options).build();\nawait driver.get(\"https://www.instagram.com/accounts/emailsignup/?hl=en\");\nawait driver.getTitle();\ndriver.manage().setTimeouts({implicit: 10000});\nlet emailOrPhone = await driver.findElement(By.name(\"emailOrPhone\"));\nawait emailOrPhone.sendKeys(\"+918762840329\");\nlet username = await driver.findElement(By.name(\"username\"));\nawait username.sendKeys(\"qwertymnbv2204\");\nawait delay(1000);\nlet password = await driver.findElement(By.name(\"password\"));\nawait password.sendKeys(\"test@123\");\nlet fullName = await driver.findElement(By.name(\"fullName\"));\nawait fullName.sendKeys(\"Linus Torvalds\");\nawait delay(1000);\ntickMarks = await driver.findElements(By.xpath(\"//span[contains(@class, 'coreSpriteInputAccepted')]\"));\nlet tickMarksArr = Object.entries(tickMarks);\nexpect(tickMarksArr.length).to.equal(3);\nawait delay(1000);\nlet signUp = await driver.findElement(By.xpath(\"//button[@type='submit']\")).isEnabled()\nexpect(signUp).to.equal(true);\nawait driver.quit();",
              "err": {},
              "uuid": "fda78a21-ceb1-45bc-8a20-dd0d7d618c19",
              "parentUUID": "355dce62-d5a7-4ad4-b6f0-ca440c9512d1",
              "isHook": false,
              "skipped": false
            },
            {
              "title": "Sign: Inavlid, Mobile Number: Nominal & Password: Nominal -> Test Case: Invalid ",
              "fullTitle": "STM Assignment Sign: Inavlid, Mobile Number: Nominal & Password: Nominal -> Test Case: Invalid ",
              "timedOut": false,
              "duration": 6247,
              "state": "passed",
              "speed": "slow",
              "pass": true,
              "fail": false,
              "pending": false,
              "context": null,
              "code": "var options = new chrome.Options();\noptions.addArguments(\"--incognito\");\nlet driver = await new Builder().forBrowser(\"chrome\").setChromeOptions(options).build();\nawait driver.get(\"https://www.instagram.com/accounts/emailsignup/?hl=en\");\nawait driver.getTitle();\ndriver.manage().setTimeouts({implicit: 10000});\nlet emailOrPhone = await driver.findElement(By.name(\"emailOrPhone\"));\nawait emailOrPhone.sendKeys(\"*918762840329\");\nlet username = await driver.findElement(By.name(\"username\"));\nawait username.sendKeys(\"qwertymnbv2204\");\nawait delay(1000);\nlet password = await driver.findElement(By.name(\"password\"));\nawait password.sendKeys(\"test@123\");\nlet fullName = await driver.findElement(By.name(\"fullName\"));\nawait fullName.sendKeys(\"Linus Torvalds\");\nawait delay(1000);\ntickMarks = await driver.findElements(By.xpath(\"//span[contains(@class, 'coreSpriteInputAccepted')]\"));\nlet tickMarksArr = Object.entries(tickMarks);\nexpect(tickMarksArr.length).to.equal(2);\ncrossMarks = await driver.findElements(By.xpath(\"//span[contains(@class, 'coreSpriteInputError')]\"));\nlet crossMarksArr = Object.entries(crossMarks);\nexpect(crossMarksArr.length).to.equal(1);\nawait delay(1000);\nlet signUp = await driver.findElement(By.xpath(\"//button[@type='submit']\")).isEnabled()\nexpect(signUp).to.equal(true);\nawait driver.quit();",
              "err": {},
              "uuid": "fbb16116-ab0f-4e70-b826-b3ac36cd7113",
              "parentUUID": "355dce62-d5a7-4ad4-b6f0-ca440c9512d1",
              "isHook": false,
              "skipped": false
            },
            {
              "title": "Mobile Number: Nominal & Password: Min- -> Test Case: Invalid ",
              "fullTitle": "STM Assignment Mobile Number: Nominal & Password: Min- -> Test Case: Invalid ",
              "timedOut": false,
              "duration": 5895,
              "state": "passed",
              "speed": "slow",
              "pass": true,
              "fail": false,
              "pending": false,
              "context": null,
              "code": "var options = new chrome.Options();\noptions.addArguments(\"--incognito\");\nlet driver = await new Builder().forBrowser(\"chrome\").setChromeOptions(options).build();\nawait driver.get(\"https://www.instagram.com/accounts/emailsignup/?hl=en\");\nawait driver.getTitle();\ndriver.manage().setTimeouts({implicit: 10000});\nlet emailOrPhone = await driver.findElement(By.name(\"emailOrPhone\"));\nawait emailOrPhone.sendKeys(\"+918762840329\");\nlet username = await driver.findElement(By.name(\"username\"));\nawait username.sendKeys(\"qwertymnbv2204\");\nawait delay(1000);\nlet password = await driver.findElement(By.name(\"password\"));\nawait password.sendKeys(\"test1\");\nlet fullName = await driver.findElement(By.name(\"fullName\"));\nawait fullName.sendKeys(\"Linus Torvalds\");\nawait delay(1000);\ntickMarks = await driver.findElements(By.xpath(\"//span[contains(@class, 'coreSpriteInputAccepted')]\"));\nlet tickMarksArr = Object.entries(tickMarks);\nexpect(tickMarksArr.length).to.equal(3);\nawait delay(1000);\nlet signUp = await driver.findElement(By.xpath(\"//button[@type='submit']\")).isEnabled()\nexpect(signUp).to.equal(false);\nawait driver.quit();",
              "err": {},
              "uuid": "54ac7438-24bb-493e-9552-261d3d981cbe",
              "parentUUID": "355dce62-d5a7-4ad4-b6f0-ca440c9512d1",
              "isHook": false,
              "skipped": false
            },
            {
              "title": "Mobile Number: Nominal & Password: Min -> Test Case: Valid ",
              "fullTitle": "STM Assignment Mobile Number: Nominal & Password: Min -> Test Case: Valid ",
              "timedOut": false,
              "duration": 6001,
              "state": "passed",
              "speed": "slow",
              "pass": true,
              "fail": false,
              "pending": false,
              "context": null,
              "code": "var options = new chrome.Options();\noptions.addArguments(\"--incognito\");\nlet driver = await new Builder().forBrowser(\"chrome\").setChromeOptions(options).build();\nawait driver.get(\"https://www.instagram.com/accounts/emailsignup/?hl=en\");\nawait driver.getTitle();\ndriver.manage().setTimeouts({implicit: 10000});\nlet emailOrPhone = await driver.findElement(By.name(\"emailOrPhone\"));\nawait emailOrPhone.sendKeys(\"+918762840329\");\nlet username = await driver.findElement(By.name(\"username\"));\nawait username.sendKeys(\"qwertymnbv2204\");\nawait delay(1000);\nlet password = await driver.findElement(By.name(\"password\"));\nawait password.sendKeys(\"test@1\");\nlet fullName = await driver.findElement(By.name(\"fullName\"));\nawait fullName.sendKeys(\"Linus Torvalds\");\nawait delay(1000);\ntickMarks = await driver.findElements(By.xpath(\"//span[contains(@class, 'coreSpriteInputAccepted')]\"));\nlet tickMarksArr = Object.entries(tickMarks);\nexpect(tickMarksArr.length).to.equal(3);\nawait delay(1000);\nlet signUp = await driver.findElement(By.xpath(\"//button[@type='submit']\")).isEnabled()\nexpect(signUp).to.equal(true);\nawait driver.quit();",
              "err": {},
              "uuid": "f8fe48fb-7cbd-40c5-9dd3-33d098cf386f",
              "parentUUID": "355dce62-d5a7-4ad4-b6f0-ca440c9512d1",
              "isHook": false,
              "skipped": false
            },
            {
              "title": "Mobile Number: Min- & Password: Nominal -> Test Case: Invalid ",
              "fullTitle": "STM Assignment Mobile Number: Min- & Password: Nominal -> Test Case: Invalid ",
              "timedOut": false,
              "duration": 5991,
              "state": "passed",
              "speed": "slow",
              "pass": true,
              "fail": false,
              "pending": false,
              "context": null,
              "code": "var options = new chrome.Options();\noptions.addArguments(\"--incognito\");\nlet driver = await new Builder().forBrowser(\"chrome\").setChromeOptions(options).build();\nawait driver.get(\"https://www.instagram.com/accounts/emailsignup/?hl=en\");\nawait driver.getTitle();\ndriver.manage().setTimeouts({implicit: 10000});\nlet emailOrPhone = await driver.findElement(By.name(\"emailOrPhone\"));\nawait emailOrPhone.sendKeys(\"+91876284032\");\nlet username = await driver.findElement(By.name(\"username\"));\nawait username.sendKeys(\"qwertymnbv2204\");\nawait delay(1000);\nlet password = await driver.findElement(By.name(\"password\"));\nawait password.sendKeys(\"test@123\");\nlet fullName = await driver.findElement(By.name(\"fullName\"));\nawait fullName.sendKeys(\"Linus Torvalds\");\nawait delay(1000);\ntickMarks = await driver.findElements(By.xpath(\"//span[contains(@class, 'coreSpriteInputAccepted')]\"));\nlet tickMarksArr = Object.entries(tickMarks);\nexpect(tickMarksArr.length).to.equal(2);\ncrossMarks = await driver.findElements(By.xpath(\"//span[contains(@class, 'coreSpriteInputError')]\"));\nlet crossMarksArr = Object.entries(crossMarks);\nexpect(crossMarksArr.length).to.equal(1);\nawait delay(1000);\nlet signUp = await driver.findElement(By.xpath(\"//button[@type='submit']\")).isEnabled()\nexpect(signUp).to.equal(true);\nawait driver.quit();",
              "err": {},
              "uuid": "b30ad17b-9324-4052-8304-475fcf81c845",
              "parentUUID": "355dce62-d5a7-4ad4-b6f0-ca440c9512d1",
              "isHook": false,
              "skipped": false
            },
            {
              "title": "Mobile Number: Max+ & Password: Min -> Test Case: Invalid ",
              "fullTitle": "STM Assignment Mobile Number: Max+ & Password: Min -> Test Case: Invalid ",
              "timedOut": false,
              "duration": 6016,
              "state": "passed",
              "speed": "slow",
              "pass": true,
              "fail": false,
              "pending": false,
              "context": null,
              "code": "var options = new chrome.Options();\noptions.addArguments(\"--incognito\");\nlet driver = await new Builder().forBrowser(\"chrome\").setChromeOptions(options).build();\nawait driver.get(\"https://www.instagram.com/accounts/emailsignup/?hl=en\");\nawait driver.getTitle();\ndriver.manage().setTimeouts({implicit: 10000});\nlet emailOrPhone = await driver.findElement(By.name(\"emailOrPhone\"));\nawait emailOrPhone.sendKeys(\"+9187628403290\");\nlet username = await driver.findElement(By.name(\"username\"));\nawait username.sendKeys(\"qwertymnbv2204\");\nawait delay(1000);\nlet password = await driver.findElement(By.name(\"password\"));\nawait password.sendKeys(\"test@123\");\nlet fullName = await driver.findElement(By.name(\"fullName\"));\nawait fullName.sendKeys(\"Linus Torvalds\");\nawait delay(1000);\ntickMarks = await driver.findElements(By.xpath(\"//span[contains(@class, 'coreSpriteInputAccepted')]\"));\nlet tickMarksArr = Object.entries(tickMarks);\nexpect(tickMarksArr.length).to.equal(2);\ncrossMarks = await driver.findElements(By.xpath(\"//span[contains(@class, 'coreSpriteInputError')]\"));\nlet crossMarksArr = Object.entries(crossMarks);\nexpect(crossMarksArr.length).to.equal(1);\nawait delay(1000);\nlet signUp = await driver.findElement(By.xpath(\"//button[@type='submit']\")).isEnabled()\nexpect(signUp).to.equal(true);\nawait driver.quit();",
              "err": {},
              "uuid": "135f1ba4-3967-46ec-b8e4-4734f363b661",
              "parentUUID": "355dce62-d5a7-4ad4-b6f0-ca440c9512d1",
              "isHook": false,
              "skipped": false
            },
            {
              "title": "Mobile Number: Nominal & Password: Min- -> Test Case: Invalid ",
              "fullTitle": "STM Assignment Mobile Number: Nominal & Password: Min- -> Test Case: Invalid ",
              "timedOut": false,
              "duration": 5945,
              "state": "passed",
              "speed": "slow",
              "pass": true,
              "fail": false,
              "pending": false,
              "context": null,
              "code": "var options = new chrome.Options();\noptions.addArguments(\"--incognito\");\nlet driver = await new Builder().forBrowser(\"chrome\").setChromeOptions(options).build();\nawait driver.get(\"https://www.instagram.com/accounts/emailsignup/?hl=en\");\nawait driver.getTitle();\ndriver.manage().setTimeouts({implicit: 10000});\nlet emailOrPhone = await driver.findElement(By.name(\"emailOrPhone\"));\nawait emailOrPhone.sendKeys(\"+91876284032\");\nlet username = await driver.findElement(By.name(\"username\"));\nawait username.sendKeys(\"qwertymnbv2204\");\nawait delay(1000);\nlet password = await driver.findElement(By.name(\"password\"));\nawait password.sendKeys(\"test@1\");\nlet fullName = await driver.findElement(By.name(\"fullName\"));\nawait fullName.sendKeys(\"Linus Torvalds\");\nawait delay(1000);\ntickMarks = await driver.findElements(By.xpath(\"//span[contains(@class, 'coreSpriteInputAccepted')]\"));\nlet tickMarksArr = Object.entries(tickMarks);\nexpect(tickMarksArr.length).to.equal(2);\ncrossMarks = await driver.findElements(By.xpath(\"//span[contains(@class, 'coreSpriteInputError')]\"));\nlet crossMarksArr = Object.entries(crossMarks);\nexpect(crossMarksArr.length).to.equal(1);\nawait delay(1000);\nlet signUp = await driver.findElement(By.xpath(\"//button[@type='submit']\")).isEnabled()\nexpect(signUp).to.equal(true);\nawait driver.quit();",
              "err": {},
              "uuid": "c9f933b1-4f10-45a4-9b9b-4a77510fde89",
              "parentUUID": "355dce62-d5a7-4ad4-b6f0-ca440c9512d1",
              "isHook": false,
              "skipped": false
            },
            {
              "title": "Mobile Number: Min- & Password: Nominal -> Test Case: Invalid ",
              "fullTitle": "STM Assignment Mobile Number: Min- & Password: Nominal -> Test Case: Invalid ",
              "timedOut": false,
              "duration": 7447,
              "state": "passed",
              "speed": "slow",
              "pass": true,
              "fail": false,
              "pending": false,
              "context": null,
              "code": "var options = new chrome.Options();\noptions.addArguments(\"--incognito\");\nlet driver = await new Builder().forBrowser(\"chrome\").setChromeOptions(options).build();\nawait driver.get(\"https://www.instagram.com/accounts/emailsignup/?hl=en\");\nawait driver.getTitle();\ndriver.manage().setTimeouts({implicit: 10000});\nlet emailOrPhone = await driver.findElement(By.name(\"emailOrPhone\"));\nawait emailOrPhone.sendKeys(\"+9187628403290\");\nlet username = await driver.findElement(By.name(\"username\"));\nawait username.sendKeys(\"qwertymnbv2204\");\nawait delay(1000);\nlet password = await driver.findElement(By.name(\"password\"));\nawait password.sendKeys(\"test1\");\nlet fullName = await driver.findElement(By.name(\"fullName\"));\nawait fullName.sendKeys(\"Linus Torvalds\");\nawait delay(1000);\ntickMarks = await driver.findElements(By.xpath(\"//span[contains(@class, 'coreSpriteInputAccepted')]\"));\nlet tickMarksArr = Object.entries(tickMarks);\nexpect(tickMarksArr.length).to.equal(2);\ncrossMarks = await driver.findElements(By.xpath(\"//span[contains(@class, 'coreSpriteInputError')]\"));\nlet crossMarksArr = Object.entries(crossMarks);\nexpect(crossMarksArr.length).to.equal(1);\nawait delay(1000);\nlet signUp = await driver.findElement(By.xpath(\"//button[@type='submit']\")).isEnabled()\nexpect(signUp).to.equal(false);\nawait driver.quit();",
              "err": {},
              "uuid": "7ef6d3ba-1548-44d6-8a7e-8a5ba7cbb25d",
              "parentUUID": "355dce62-d5a7-4ad4-b6f0-ca440c9512d1",
              "isHook": false,
              "skipped": false
            }
          ],
          "suites": [],
          "passes": [
            "fda78a21-ceb1-45bc-8a20-dd0d7d618c19",
            "fbb16116-ab0f-4e70-b826-b3ac36cd7113",
            "54ac7438-24bb-493e-9552-261d3d981cbe",
            "f8fe48fb-7cbd-40c5-9dd3-33d098cf386f",
            "b30ad17b-9324-4052-8304-475fcf81c845",
            "135f1ba4-3967-46ec-b8e4-4734f363b661",
            "c9f933b1-4f10-45a4-9b9b-4a77510fde89",
            "7ef6d3ba-1548-44d6-8a7e-8a5ba7cbb25d"
          ],
          "failures": [],
          "pending": [],
          "skipped": [],
          "duration": 49605,
          "root": false,
          "rootEmpty": false,
          "_timeout": 10000
        }
      ],
      "passes": [],
      "failures": [],
      "pending": [],
      "skipped": [],
      "duration": 0,
      "root": true,
      "rootEmpty": true,
      "_timeout": 10000
    }
  ],
  "meta": {
    "mocha": {
      "version": "10.0.0"
    },
    "mochawesome": {
      "options": {
        "quiet": false,
        "reportFilename": "mochawesome",
        "saveHtml": true,
        "saveJson": true,
        "consoleReporter": "spec",
        "useInlineDiffs": false,
        "code": true
      },
      "version": "7.1.3"
    },
    "marge": {
      "options": null,
      "version": "6.2.0"
    }
  }
}